<?xml version="1.0" encoding="UTF-8"?>
<testng-results ignored="0" total="1" passed="1" failed="0" skipped="0">
  <reporter-output>
  </reporter-output>
  <suite started-at="2020-05-03T16:44:16Z" name="Suite" finished-at="2020-05-03T16:44:27Z" duration-ms="11167">
    <groups>
    </groups>
    <test started-at="2020-05-03T16:44:16Z" name="Test" finished-at="2020-05-03T16:44:27Z" duration-ms="11167">
      <class name="gocd1.test.gocdChromeLaunch">
        <test-method signature="execute()[pri:0, instance:gocd1.test.gocdChromeLaunch@44a7bfbc]" started-at="2020-05-03T16:44:16Z" name="execute" finished-at="2020-05-03T16:44:27Z" duration-ms="10918" status="PASS">
          <reporter-output>
          </reporter-output>
        </test-method> <!-- execute -->
      </class> <!-- gocd1.test.gocdChromeLaunch -->
    </test> <!-- Test -->
  </suite> <!-- Suite -->
</testng-results>
